[23:15:52] [main/INFO]: Loading Minecraft 1.21.1 with Fabric Loader 0.17.2
[23:15:54] [main/WARN]: Warnings were found!
 - Mod 'Forge Config API Port' (forgeconfigapiport) 21.1.4 recommends any version of modmenu, which is missing!
	 - You should install any version of modmenu for the optimal experience.
[23:15:54] [main/INFO]: Loading 74 mods:
	- artifacts 13.1.0
	   |-- cardinal-components-base 6.1.0
	   |-- cardinal-components-entity 6.1.0
	   |-- com_electronwill_night-config_core 3.8.0
	   |-- com_electronwill_night-config_toml 3.8.0
	   \-- expandability 12.0.0
	- deeperdarker 1.3.3
	   \-- customportalapi 0.0.1-beta66-1.21
	- fabric-api 0.116.3+1.21.1
	   |-- fabric-api-base 0.4.42+6573ed8c19
	   |-- fabric-api-lookup-api-v1 1.6.71+b559734419
	   |-- fabric-biome-api-v1 13.0.31+d527f9fd19
	   |-- fabric-block-api-v1 1.1.0+0bc3503219
	   |-- fabric-block-view-api-v2 1.0.11+ebb2264e19
	   |-- fabric-blockrenderlayer-v1 1.1.52+0af3f5a719
	   |-- fabric-client-tags-api-v1 1.1.15+6573ed8c19
	   |-- fabric-command-api-v1 1.2.49+f71b366f19
	   |-- fabric-command-api-v2 2.2.28+6ced4dd919
	   |-- fabric-commands-v0 0.2.66+df3654b319
	   |-- fabric-content-registries-v0 8.0.19+b559734419
	   |-- fabric-convention-tags-v1 2.1.5+7f945d5b19
	   |-- fabric-convention-tags-v2 2.11.1+a406e79519
	   |-- fabric-crash-report-info-v1 0.2.29+0af3f5a719
	   |-- fabric-data-attachment-api-v1 1.4.5+6116a37819
	   |-- fabric-data-generation-api-v1 20.2.31+16c4ae2519
	   |-- fabric-dimensions-v1 4.0.0+6fc22b9919
	   |-- fabric-entity-events-v1 1.8.0+2b27e0a419
	   |-- fabric-events-interaction-v0 0.7.13+ba9dae0619
	   |-- fabric-game-rule-api-v1 1.0.53+6ced4dd919
	   |-- fabric-item-api-v1 11.1.1+d5debaed19
	   |-- fabric-item-group-api-v1 4.1.7+def88e3a19
	   |-- fabric-key-binding-api-v1 1.0.47+0af3f5a719
	   |-- fabric-keybindings-v0 0.2.45+df3654b319
	   |-- fabric-lifecycle-events-v1 2.6.0+0865547519
	   |-- fabric-loot-api-v2 3.0.15+3f89f5a519
	   |-- fabric-loot-api-v3 1.0.3+3f89f5a519
	   |-- fabric-message-api-v1 6.0.14+8aaf3aca19
	   |-- fabric-model-loading-api-v1 2.0.0+fe474d6b19
	   |-- fabric-networking-api-v1 4.3.0+c7469b2119
	   |-- fabric-object-builder-api-v1 15.2.1+40875a9319
	   |-- fabric-particles-v1 4.0.2+6573ed8c19
	   |-- fabric-recipe-api-v1 5.0.14+248df81c19
	   |-- fabric-registry-sync-v0 5.3.1+e3eddc2119
	   |-- fabric-renderer-api-v1 3.4.0+c705a49c19
	   |-- fabric-renderer-indigo 1.7.0+c705a49c19
	   |-- fabric-renderer-registries-v1 3.2.68+df3654b319
	   |-- fabric-rendering-data-attachment-v1 0.3.49+73761d2e19
	   |-- fabric-rendering-fluids-v1 3.1.6+1daea21519
	   |-- fabric-rendering-v0 1.1.71+df3654b319
	   |-- fabric-rendering-v1 5.0.5+df16efd019
	   |-- fabric-resource-conditions-api-v1 4.3.0+8dc279b119
	   |-- fabric-resource-loader-v0 1.3.1+5b5275af19
	   |-- fabric-screen-api-v1 2.0.25+8b68f1c719
	   |-- fabric-screen-handler-api-v1 1.3.90+b559734419
	   |-- fabric-sound-api-v1 1.0.23+6573ed8c19
	   |-- fabric-transfer-api-v1 5.4.3+c24bd99419
	   \-- fabric-transitive-access-wideners-v1 6.2.0+45b9699719
	- fabricloader 0.17.2
	   \-- mixinextras 0.5.0
	- forgeconfigapiport 21.1.4
	   |-- com_electronwill_night-config_core 3.8.0
	   \-- com_electronwill_night-config_toml 3.8.0
	- jade 15.10.1+fabric
	- java 21
	- jei 19.21.1.304
	- minecraft 1.21.1
	- owo 0.12.15.4+1.21
	   |-- blue_endless_jankson 1.2.2
	   |-- io_wispforest_endec 0.1.5.1
	   |-- io_wispforest_endec_gson 0.1.3.1
	   |-- io_wispforest_endec_jankson 0.1.3.1
	   \-- io_wispforest_endec_netty 0.1.2
	- sophisticatedbackpacks 1.21.1-3.23.4.3.106
	- sophisticatedcore 1.21.1-1.2.9.20.164
	   |-- porting_lib_conditions 3.1.0-beta.47+1.21.1
	   |-- porting_lib_core 3.1.0-beta.47+1.21.1
	   |-- porting_lib_fluids 3.1.0-beta.47+1.21.1
	   |-- porting_lib_item_abilities 3.1.0-beta.47+1.21.1
	   |-- porting_lib_lazy_registration 3.1.0-beta.47+1.21.1
	   |-- porting_lib_level_events 3.1.0-beta.47+1.21.1
	   |-- porting_lib_loot 3.1.0-beta.47+1.21.1
	   |-- porting_lib_model_loader 3.1.0-beta.47+1.21.1
	   |-- porting_lib_render_types 3.1.0-beta.47+1.21.1
	   |-- porting_lib_transfer 3.1.0-beta.47+1.21.1
	   \-- team_reborn_energy 4.1.0
	- trinkets 3.10.0
	   |-- cardinal-components-base 6.1.0
	   \-- cardinal-components-entity 6.1.0
	- xaerominimap 25.2.10
	- xaeroworldmap 1.39.12
[23:15:54] [main/INFO]: SpongePowered MIXIN Subsystem Version=0.8.7 Source=file:/workspaces/makis/servidor_minecraft/libraries/net/fabricmc/sponge-mixin/0.16.3+mixin.0.8.7/sponge-mixin-0.16.3+mixin.0.8.7.jar Service=Knot/Fabric Env=SERVER
[23:15:54] [main/INFO]: Compatibility level set to JAVA_21
[23:15:55] [main/WARN]: Reference map 'forgeconfigapiport.common.refmap.json' for forgeconfigapiport.common.mixins.json could not be read. If this is a development environment you can ignore this message
[23:15:55] [main/WARN]: Error loading class: net/minecraft/class_906 (java.lang.ClassNotFoundException: net/minecraft/class_906)
[23:15:55] [main/WARN]: @Mixin target net.minecraft.class_906 was not found porting_lib_item_abilities.mixins.json:FishingHookRendererMixin from mod porting_lib_item_abilities
[23:15:55] [main/WARN]: Error loading class: com/electronwill/nightconfig/core/io/IoUtils (java.lang.ClassNotFoundException: com/electronwill/nightconfig/core/io/IoUtils)
[23:15:55] [main/WARN]: Error loading class: net/minecraft/class_287 (java.lang.ClassNotFoundException: net/minecraft/class_287)
[23:15:55] [main/WARN]: @Mixin target net.minecraft.class_287 was not found owo.mixins.json:BufferBuilderAccessor from mod owo
[23:15:55] [main/WARN]: Error loading class: net/minecraft/class_437 (java.lang.ClassNotFoundException: net/minecraft/class_437)
[23:15:55] [main/WARN]: @Mixin target net.minecraft.class_437 was not found owo.mixins.json:ScreenAccessor from mod owo
[23:15:55] [main/WARN]: Error loading class: xyz/nucleoid/server/translations/impl/language/SystemDelegatedLanguage (java.lang.ClassNotFoundException: xyz/nucleoid/server/translations/impl/language/SystemDelegatedLanguage)
[23:15:55] [main/WARN]: Error loading class: net/minecraft/class_638 (java.lang.ClassNotFoundException: net/minecraft/class_638)
[23:15:55] [main/WARN]: @Mixin target net.minecraft.class_638 was not found porting_lib_level_events.mixins.json:client.ClientLevelMixin from mod porting_lib_level_events
[23:15:56] [main/INFO]: Initializing MixinExtras via com.llamalad7.mixinextras.service.MixinExtrasServiceImpl(version=0.5.0).
[23:16:03] [main/ERROR]: No data fixer registered for artifacts:mimic
[23:16:04] [main/ERROR]: No data fixer registered for deeperdarker:angler_fish
[23:16:04] [main/ERROR]: No data fixer registered for deeperdarker:sculk_centipede
[23:16:04] [main/ERROR]: No data fixer registered for deeperdarker:sculk_leech
[23:16:04] [main/ERROR]: No data fixer registered for deeperdarker:sculk_snapper
[23:16:04] [main/ERROR]: No data fixer registered for deeperdarker:shattered
[23:16:04] [main/ERROR]: No data fixer registered for deeperdarker:shriek_worm
[23:16:04] [main/ERROR]: No data fixer registered for deeperdarker:sludge
[23:16:04] [main/ERROR]: No data fixer registered for deeperdarker:stalker
[23:16:04] [main/ERROR]: No data fixer registered for crystallized_amber
[23:16:04] [main/ERROR]: No data fixer registered for sculk_jaw
[23:16:04] [main/INFO]: ExpandAbility here, who dis?
[23:16:04] [main/INFO]: blod: he her
[23:16:04] [main/ERROR]: No data fixer registered for 
[23:16:04] [main/INFO]: Loading Xaero's Minimap - Stage 1/2 (Server)
[23:16:04] [main/INFO]: Loading Xaero's World Map - Stage 1/2 (Server)
[23:16:05] [main/INFO]: Environment: Environment[sessionHost=https://sessionserver.mojang.com, servicesHost=https://api.minecraftservices.com, name=PROD]
[23:16:07] [main/INFO]: Loaded 1582 recipes
[23:16:07] [main/INFO]: Loaded 1700 advancements
[23:16:08] [main/INFO]: Applied 53 biome modifications to 53 of 68 new biomes in 8.289 ms
[23:16:08] [Server thread/INFO]: Starting minecraft server version 1.21.1
[23:16:08] [Server thread/INFO]: Loading properties
[23:16:08] [Server thread/INFO]: Default game type: SURVIVAL
[23:16:08] [Server thread/INFO]: Generating keypair
[23:16:08] [Server thread/INFO]: Starting Minecraft server on *:25565
[23:16:08] [Server thread/INFO]: Using epoll channel type
[23:16:09] [Server thread/WARN]: **** SERVER IS RUNNING IN OFFLINE/INSECURE MODE!
[23:16:09] [Server thread/WARN]: The server will make no attempt to authenticate usernames. Beware.
[23:16:09] [Server thread/WARN]: While this makes the game possible to play without internet access, it also opens up the ability for hackers to connect with any username they choose.
[23:16:09] [Server thread/WARN]: To change this, set "online-mode" to "true" in the server.properties file.
[23:16:09] [Server thread/INFO]: Preparing level "world"
[23:16:12] [Server thread/INFO]: Preparing start region for dimension minecraft:overworld
[23:16:12] [Worker-Main-3/INFO]: Preparing spawn area: 0%
[23:16:12] [Worker-Main-2/INFO]: Preparing spawn area: 42%
[23:16:12] [Server thread/INFO]: Time elapsed: 673 ms
[23:16:12] [Server thread/INFO]: Done (3.862s)! For help, type "help"
[23:16:12] [Server thread/INFO]: Start loading plugin from Jade: snownee.jade.addon.core.CorePlugin
[23:16:12] [Server thread/INFO]: Start loading plugin from Jade: snownee.jade.addon.vanilla.VanillaPlugin
[23:16:12] [Server thread/INFO]: Start loading plugin from Jade: snownee.jade.addon.universal.UniversalPlugin
[23:16:12] [Server thread/INFO]: Start loading plugin from Jade: snownee.jade.addon.access.AccessibilityPlugin
[23:16:12] [Server thread/INFO]: Start loading plugin from Jade: snownee.jade.addon.debug.DebugPlugin
[23:16:13] [Server thread/INFO]: Loading Xaero's Minimap - Stage 2/2 (Server)
[23:16:13] [Server thread/INFO]: Loading Xaero's World Map - Stage 2/2 (Server)
[23:17:06] [Server thread/INFO]: Incorrect argument for command
[23:17:06] [Server thread/INFO]: seed <--[HERE]
[23:17:14] [Server thread/INFO]: Seed: [6136708098370255707]
[23:19:19] [Server thread/INFO]: Unknown or incomplete command, see below for error
[23:19:19] [Server thread/INFO]: server.jar<--[HERE]
